<?xml version="1.0" encoding="UTF-8"?>
<!-- Generated by org.testng.reporters.JUnitReportReporter -->
<testsuite hostname="arun-asus" failures="0" tests="1" name="Test.TC_002_LoginTest" time="7.257" errors="0" timestamp="2024-11-20T15:12:17 IST" skipped="0">
  <testcase classname="Test.TC_002_LoginTest" name="loginTest" time="7.257"/>
  <system-out/>
</testsuite> <!-- Test.TC_002_LoginTest -->
