<?xml version="1.0" encoding="UTF-8"?>
<!-- Generated by org.testng.reporters.JUnitReportReporter -->
<testsuite hostname="arun-asus" failures="0" tests="1" name="Test.TC_001_RegisterTest" time="6.594" errors="0" timestamp="2024-11-20T15:12:17 IST" skipped="0">
  <testcase classname="Test.TC_001_RegisterTest" name="registerTest" time="6.594"/>
  <system-out/>
</testsuite> <!-- Test.TC_001_RegisterTest -->
